{"time": "2025-02-07 21:42:27,378", "level": "INFO", "module": "logging_setup", "funcName": "log", "message": "[BTCUSDT] => final=BUY, 5m=4,15m=9,30m=3,1h=12,4h=0,1d=0, combined=27, retest=None"}
{"time": "2025-02-07 21:42:33,166", "level": "INFO", "module": "logging_setup", "funcName": "log", "message": "Message sent to Telegram:"}
{"time": "2025-02-07 21:42:38,169", "level": "INFO", "module": "logging_setup", "funcName": "log", "message": "[BTCUSDT] => final=BUY, 30m=3,1h=12,4h=0,1d=0, combined=27"}
{"time": "2025-02-07 21:42:50,135", "level": "INFO", "module": "logging_setup", "funcName": "log", "message": "[BTCUSDT] => final_act=-1.5,holygrail_=,total_score=-1.5,  panic=True, reentry=False, netPnL=0.00, RL={'stop_atr_mult': 1.0, 'partial_levels': [0.03, 0.06, 0.1], 'partial_ratio': 0.2}"}
{"time": "2025-02-07 21:42:50,137", "level": "INFO", "module": "logging_setup", "funcName": "log", "message": "Info: Beklem s\u00fcresi basladi"}
{"time": "2025-02-07 21:42:55,407", "level": "INFO", "module": "logging_setup", "funcName": "log", "message": "[BTCUSDT] => final_act=-1.5,holygrail_=,total_score=-1.5,  panic=True, reentry=False, netPnL=0.00, RL={'stop_atr_mult': 1.0, 'partial_levels': [0.03, 0.06, 0.1], 'partial_ratio': 0.2}"}
{"time": "2025-02-07 21:42:55,408", "level": "INFO", "module": "logging_setup", "funcName": "log", "message": "Info: Beklem s\u00fcresi basladi"}
{"time": "2025-02-07 21:43:00,706", "level": "INFO", "module": "logging_setup", "funcName": "log", "message": "[BTCUSDT] => final_act=-1.5,holygrail_=,total_score=-1.5,  panic=True, reentry=False, netPnL=0.00, RL={'stop_atr_mult': 1.0, 'partial_levels': [0.03, 0.06, 0.1], 'partial_ratio': 0.2}"}
{"time": "2025-02-07 21:43:00,707", "level": "INFO", "module": "logging_setup", "funcName": "log", "message": "Info: Beklem s\u00fcresi basladi"}
{"time": "2025-02-07 21:43:06,002", "level": "INFO", "module": "logging_setup", "funcName": "log", "message": "[BTCUSDT] => final_act=-1.5,holygrail_=,total_score=-1.5,  panic=True, reentry=False, netPnL=0.00, RL={'stop_atr_mult': 1.0, 'partial_levels': [0.03, 0.06, 0.1], 'partial_ratio': 0.2}"}
{"time": "2025-02-07 21:43:06,003", "level": "INFO", "module": "logging_setup", "funcName": "log", "message": "Info: Beklem s\u00fcresi basladi"}
{"time": "2025-02-07 21:43:11,288", "level": "INFO", "module": "logging_setup", "funcName": "log", "message": "[BTCUSDT] => final_act=-1.5,holygrail_=,total_score=-1.5,  panic=True, reentry=False, netPnL=0.00, RL={'stop_atr_mult': 1.0, 'partial_levels': [0.03, 0.06, 0.1], 'partial_ratio': 0.2}"}
{"time": "2025-02-07 21:43:11,289", "level": "INFO", "module": "logging_setup", "funcName": "log", "message": "Info: Beklem s\u00fcresi basladi"}
{"time": "2025-02-07 21:43:16,613", "level": "INFO", "module": "logging_setup", "funcName": "log", "message": "[BTCUSDT] => final_act=-1.5,holygrail_=,total_score=-1.5,  panic=True, reentry=False, netPnL=0.00, RL={'stop_atr_mult': 1.0, 'partial_levels': [0.03, 0.06, 0.1], 'partial_ratio': 0.2}"}
{"time": "2025-02-07 21:43:16,614", "level": "INFO", "module": "logging_setup", "funcName": "log", "message": "Info: Beklem s\u00fcresi basladi"}
{"time": "2025-02-07 21:43:21,998", "level": "INFO", "module": "logging_setup", "funcName": "log", "message": "[BTCUSDT] => final_act=-1.5,holygrail_=,total_score=-1.5,  panic=True, reentry=False, netPnL=0.00, RL={'stop_atr_mult': 1.0, 'partial_levels': [0.03, 0.06, 0.1], 'partial_ratio': 0.2}"}
{"time": "2025-02-07 21:43:21,998", "level": "INFO", "module": "logging_setup", "funcName": "log", "message": "Info: Beklem s\u00fcresi basladi"}
{"time": "2025-02-07 21:43:27,275", "level": "INFO", "module": "logging_setup", "funcName": "log", "message": "[BTCUSDT] => final_act=-1.5,holygrail_=,total_score=-1.5,  panic=True, reentry=False, netPnL=0.00, RL={'stop_atr_mult': 1.0, 'partial_levels': [0.03, 0.06, 0.1], 'partial_ratio': 0.2}"}
{"time": "2025-02-07 21:43:27,275", "level": "INFO", "module": "logging_setup", "funcName": "log", "message": "Info: Beklem s\u00fcresi basladi"}
{"time": "2025-02-07 21:43:32,570", "level": "INFO", "module": "logging_setup", "funcName": "log", "message": "[BTCUSDT] => final_act=-1.5,holygrail_=,total_score=-1.5,  panic=True, reentry=False, netPnL=0.00, RL={'stop_atr_mult': 1.0, 'partial_levels': [0.03, 0.06, 0.1], 'partial_ratio': 0.2}"}
{"time": "2025-02-07 21:43:32,570", "level": "INFO", "module": "logging_setup", "funcName": "log", "message": "Info: Beklem s\u00fcresi basladi"}
{"time": "2025-02-07 21:43:37,855", "level": "INFO", "module": "logging_setup", "funcName": "log", "message": "[BTCUSDT] => final_act=-1.5,holygrail_=,total_score=-1.5,  panic=True, reentry=False, netPnL=0.00, RL={'stop_atr_mult': 1.0, 'partial_levels': [0.03, 0.06, 0.1], 'partial_ratio': 0.2}"}
{"time": "2025-02-07 21:43:37,855", "level": "INFO", "module": "logging_setup", "funcName": "log", "message": "Info: Beklem s\u00fcresi basladi"}
{"time": "2025-02-07 21:43:43,145", "level": "INFO", "module": "logging_setup", "funcName": "log", "message": "[BTCUSDT] => final_act=-1.5,holygrail_=,total_score=-1.5,  panic=True, reentry=False, netPnL=0.00, RL={'stop_atr_mult': 1.0, 'partial_levels': [0.03, 0.06, 0.1], 'partial_ratio': 0.2}"}
{"time": "2025-02-07 21:43:43,145", "level": "INFO", "module": "logging_setup", "funcName": "log", "message": "Info: Beklem s\u00fcresi basladi"}
{"time": "2025-02-07 21:43:48,428", "level": "INFO", "module": "logging_setup", "funcName": "log", "message": "[BTCUSDT] => final_act=-1.5,holygrail_=,total_score=-1.5,  panic=True, reentry=False, netPnL=0.00, RL={'stop_atr_mult': 1.0, 'partial_levels': [0.03, 0.06, 0.1], 'partial_ratio': 0.2}"}
{"time": "2025-02-07 21:43:48,429", "level": "INFO", "module": "logging_setup", "funcName": "log", "message": "Info: Beklem s\u00fcresi basladi"}
{"time": "2025-02-07 21:43:53,706", "level": "INFO", "module": "logging_setup", "funcName": "log", "message": "[BTCUSDT] => final_act=-1.5,holygrail_=,total_score=-1.5,  panic=True, reentry=False, netPnL=0.00, RL={'stop_atr_mult': 1.0, 'partial_levels': [0.03, 0.06, 0.1], 'partial_ratio': 0.2}"}
{"time": "2025-02-07 21:43:53,707", "level": "INFO", "module": "logging_setup", "funcName": "log", "message": "Info: Beklem s\u00fcresi basladi"}
{"time": "2025-02-07 21:43:58,980", "level": "INFO", "module": "logging_setup", "funcName": "log", "message": "[BTCUSDT] => final_act=-1.5,holygrail_=,total_score=-1.5,  panic=True, reentry=False, netPnL=0.00, RL={'stop_atr_mult': 3.5, 'partial_levels': [0.02, 0.04, 0.08], 'partial_ratio': 0.5}"}
{"time": "2025-02-07 21:43:58,980", "level": "INFO", "module": "logging_setup", "funcName": "log", "message": "Info: Beklem s\u00fcresi basladi"}
{"time": "2025-02-07 21:44:04,258", "level": "INFO", "module": "logging_setup", "funcName": "log", "message": "[BTCUSDT] => final_act=-1.5,holygrail_=,total_score=-1.5,  panic=True, reentry=False, netPnL=0.00, RL={'stop_atr_mult': 1.0, 'partial_levels': [0.03, 0.06, 0.1], 'partial_ratio': 0.2}"}
{"time": "2025-02-07 21:44:04,259", "level": "INFO", "module": "logging_setup", "funcName": "log", "message": "Info: Beklem s\u00fcresi basladi"}
{"time": "2025-02-07 21:44:09,532", "level": "INFO", "module": "logging_setup", "funcName": "log", "message": "[BTCUSDT] => final_act=-1.5,holygrail_=,total_score=-1.5,  panic=True, reentry=False, netPnL=0.00, RL={'stop_atr_mult': 1.0, 'partial_levels': [0.03, 0.06, 0.1], 'partial_ratio': 0.2}"}
{"time": "2025-02-07 21:44:09,533", "level": "INFO", "module": "logging_setup", "funcName": "log", "message": "Info: Beklem s\u00fcresi basladi"}
{"time": "2025-02-07 21:44:14,812", "level": "INFO", "module": "logging_setup", "funcName": "log", "message": "[BTCUSDT] => final_act=-1.5,holygrail_=,total_score=-1.5,  panic=True, reentry=False, netPnL=0.00, RL={'stop_atr_mult': 1.0, 'partial_levels': [0.03, 0.06, 0.1], 'partial_ratio': 0.2}"}
{"time": "2025-02-07 21:44:14,812", "level": "INFO", "module": "logging_setup", "funcName": "log", "message": "Info: Beklem s\u00fcresi basladi"}
{"time": "2025-02-07 21:44:20,087", "level": "INFO", "module": "logging_setup", "funcName": "log", "message": "[BTCUSDT] => final_act=-1.5,holygrail_=,total_score=-1.5,  panic=True, reentry=False, netPnL=0.00, RL={'stop_atr_mult': 1.0, 'partial_levels': [0.03, 0.06, 0.1], 'partial_ratio': 0.2}"}
{"time": "2025-02-07 21:44:20,088", "level": "INFO", "module": "logging_setup", "funcName": "log", "message": "Info: Beklem s\u00fcresi basladi"}
{"time": "2025-02-07 21:44:25,376", "level": "INFO", "module": "logging_setup", "funcName": "log", "message": "[BTCUSDT] => final_act=-1.5,holygrail_=,total_score=-1.5,  panic=True, reentry=False, netPnL=0.00, RL={'stop_atr_mult': 1.0, 'partial_levels': [0.03, 0.06, 0.1], 'partial_ratio': 0.2}"}
{"time": "2025-02-07 21:44:25,377", "level": "INFO", "module": "logging_setup", "funcName": "log", "message": "Info: Beklem s\u00fcresi basladi"}
{"time": "2025-02-07 21:44:30,818", "level": "INFO", "module": "logging_setup", "funcName": "log", "message": "[BTCUSDT] => final_act=-1.5,holygrail_=,total_score=-1.5,  panic=True, reentry=False, netPnL=0.00, RL={'stop_atr_mult': 1.0, 'partial_levels': [0.03, 0.06, 0.1], 'partial_ratio': 0.2}"}
{"time": "2025-02-07 21:44:30,819", "level": "INFO", "module": "logging_setup", "funcName": "log", "message": "Info: Beklem s\u00fcresi basladi"}
{"time": "2025-02-07 21:44:36,099", "level": "INFO", "module": "logging_setup", "funcName": "log", "message": "[BTCUSDT] => final_act=-1.5,holygrail_=,total_score=-1.5,  panic=True, reentry=False, netPnL=0.00, RL={'stop_atr_mult': 1.0, 'partial_levels': [0.03, 0.06, 0.1], 'partial_ratio': 0.2}"}
{"time": "2025-02-07 21:44:36,100", "level": "INFO", "module": "logging_setup", "funcName": "log", "message": "Info: Beklem s\u00fcresi basladi"}
{"time": "2025-02-07 21:44:41,388", "level": "INFO", "module": "logging_setup", "funcName": "log", "message": "[BTCUSDT] => final_act=-1.5,holygrail_=,total_score=-1.5,  panic=True, reentry=False, netPnL=0.00, RL={'stop_atr_mult': 1.0, 'partial_levels': [0.03, 0.06, 0.1], 'partial_ratio': 0.2}"}
{"time": "2025-02-07 21:44:41,388", "level": "INFO", "module": "logging_setup", "funcName": "log", "message": "Info: Beklem s\u00fcresi basladi"}
{"time": "2025-02-07 21:44:46,670", "level": "INFO", "module": "logging_setup", "funcName": "log", "message": "[BTCUSDT] => final_act=-1.5,holygrail_=,total_score=-1.5,  panic=True, reentry=False, netPnL=0.00, RL={'stop_atr_mult': 1.0, 'partial_levels': [0.03, 0.06, 0.1], 'partial_ratio': 0.2}"}
{"time": "2025-02-07 21:44:46,670", "level": "INFO", "module": "logging_setup", "funcName": "log", "message": "Info: Beklem s\u00fcresi basladi"}
{"time": "2025-02-07 21:44:51,959", "level": "INFO", "module": "logging_setup", "funcName": "log", "message": "[BTCUSDT] => final_act=-1.5,holygrail_=,total_score=-1.5,  panic=True, reentry=False, netPnL=0.00, RL={'stop_atr_mult': 1.0, 'partial_levels': [0.03, 0.06, 0.1], 'partial_ratio': 0.2}"}
{"time": "2025-02-07 21:44:51,959", "level": "INFO", "module": "logging_setup", "funcName": "log", "message": "Info: Beklem s\u00fcresi basladi"}
{"time": "2025-02-07 21:44:57,418", "level": "INFO", "module": "logging_setup", "funcName": "log", "message": "[BTCUSDT] => final_act=-1.5,holygrail_=,total_score=-1.5,  panic=True, reentry=False, netPnL=0.00, RL={'stop_atr_mult': 1.0, 'partial_levels': [0.03, 0.06, 0.1], 'partial_ratio': 0.2}"}
{"time": "2025-02-07 21:44:57,419", "level": "INFO", "module": "logging_setup", "funcName": "log", "message": "Info: Beklem s\u00fcresi basladi"}
{"time": "2025-02-07 21:45:02,710", "level": "INFO", "module": "logging_setup", "funcName": "log", "message": "[BTCUSDT] => final_act=-1.5,holygrail_=,total_score=-1.5,  panic=True, reentry=False, netPnL=0.00, RL={'stop_atr_mult': 1.0, 'partial_levels': [0.03, 0.06, 0.1], 'partial_ratio': 0.2}"}
{"time": "2025-02-07 21:45:02,710", "level": "INFO", "module": "logging_setup", "funcName": "log", "message": "Info: Beklem s\u00fcresi basladi"}
{"time": "2025-02-07 21:45:07,983", "level": "INFO", "module": "logging_setup", "funcName": "log", "message": "[BTCUSDT] => final_act=-1.5,holygrail_=,total_score=-1.5,  panic=True, reentry=False, netPnL=0.00, RL={'stop_atr_mult': 1.0, 'partial_levels': [0.03, 0.06, 0.1], 'partial_ratio': 0.2}"}
{"time": "2025-02-07 21:45:07,984", "level": "INFO", "module": "logging_setup", "funcName": "log", "message": "Info: Beklem s\u00fcresi basladi"}
{"time": "2025-02-07 21:45:13,271", "level": "INFO", "module": "logging_setup", "funcName": "log", "message": "[BTCUSDT] => final_act=-1.5,holygrail_=,total_score=-1.5,  panic=True, reentry=False, netPnL=0.00, RL={'stop_atr_mult': 1.0, 'partial_levels': [0.03, 0.06, 0.1], 'partial_ratio': 0.2}"}
{"time": "2025-02-07 21:45:13,271", "level": "INFO", "module": "logging_setup", "funcName": "log", "message": "Info: Beklem s\u00fcresi basladi"}
{"time": "2025-02-07 21:45:18,559", "level": "INFO", "module": "logging_setup", "funcName": "log", "message": "[BTCUSDT] => final_act=-1.5,holygrail_=,total_score=-1.5,  panic=True, reentry=False, netPnL=0.00, RL={'stop_atr_mult': 1.0, 'partial_levels': [0.03, 0.06, 0.1], 'partial_ratio': 0.2}"}
{"time": "2025-02-07 21:45:18,560", "level": "INFO", "module": "logging_setup", "funcName": "log", "message": "Info: Beklem s\u00fcresi basladi"}
{"time": "2025-02-07 21:45:23,852", "level": "INFO", "module": "logging_setup", "funcName": "log", "message": "[BTCUSDT] => final_act=-1.5,holygrail_=,total_score=-1.5,  panic=True, reentry=False, netPnL=0.00, RL={'stop_atr_mult': 1.0, 'partial_levels': [0.03, 0.06, 0.1], 'partial_ratio': 0.2}"}
{"time": "2025-02-07 21:45:23,852", "level": "INFO", "module": "logging_setup", "funcName": "log", "message": "Info: Beklem s\u00fcresi basladi"}
{"time": "2025-02-07 21:45:43,577", "level": "INFO", "module": "logging_setup", "funcName": "log", "message": "main() => starting"}
{"time": "2025-02-07 21:45:43,578", "level": "INFO", "module": "logging_setup", "funcName": "log", "message": "start_trading => begin"}
{"time": "2025-02-07 21:45:46,454", "level": "INFO", "module": "logging_setup", "funcName": "log", "message": "start_trading => started tasks"}
{"time": "2025-02-07 21:46:19,528", "level": "INFO", "module": "logging_setup", "funcName": "log", "message": "[BTCUSDT] => final_act=0.0,holygrail_=,total_score=0.0,  panic=False, reentry=False, netPnL=0.00, RL={'stop_atr_mult': 1.0, 'partial_levels': [0.03, 0.06, 0.1], 'partial_ratio': 0.2}"}
